<?xml version="1.0" encoding="UTF-8"?>
<testng-results ignored="0" total="2" passed="2" failed="0" skipped="0">
  <reporter-output>
    <line>
      <![CDATA[Step-1]]>
    </line>
    <line>
      <![CDATA[Step-2]]>
    </line>
    <line>
      <![CDATA[Step=3]]>
    </line>
    <line>
      <![CDATA[Step4]]>
    </line>
    <line>
      <![CDATA[Step-2]]>
    </line>
  </reporter-output>
  <suite started-at="2025-10-11T10:51:20 IST" name="Default suite" finished-at="2025-10-11T10:51:20 IST" duration-ms="111">
    <groups>
    </groups>
    <test started-at="2025-10-11T10:51:20 IST" name="Default test" finished-at="2025-10-11T10:51:20 IST" duration-ms="111">
      <class name="ninzacrm.Assertion">
        <test-method signature="assertion()[pri:0, instance:ninzacrm.Assertion@3b0fe47a]" started-at="2025-10-11T10:51:20 IST" name="assertion" finished-at="2025-10-11T10:51:20 IST" duration-ms="23" status="PASS">
          <reporter-output>
            <line>
              <![CDATA[Step-1]]>
            </line>
            <line>
              <![CDATA[Step-2]]>
            </line>
            <line>
              <![CDATA[Step=3]]>
            </line>
            <line>
              <![CDATA[Step4]]>
            </line>
          </reporter-output>
        </test-method> <!-- assertion -->
        <test-method signature="assertion1()[pri:0, instance:ninzacrm.Assertion@3b0fe47a]" started-at="2025-10-11T10:51:20 IST" name="assertion1" finished-at="2025-10-11T10:51:20 IST" duration-ms="7" status="PASS">
          <reporter-output>
            <line>
              <![CDATA[Step-2]]>
            </line>
          </reporter-output>
        </test-method> <!-- assertion1 -->
      </class> <!-- ninzacrm.Assertion -->
    </test> <!-- Default test -->
  </suite> <!-- Default suite -->
</testng-results>
